<?xml version="1.0" encoding="UTF-8"?>
<Site BuildName="(empty)"
	BuildStamp="20230709-0044-Experimental"
	Name="ubuntu"
	Generator="ctest-3.10.2"
	CompilerName="/usr/bin/g++"
	CompilerVersion="7.4.0"
	OSName="Linux"
	Hostname="ubuntu"
	OSRelease="5.3.0-28-generic"
	OSVersion="#30~18.04.1-Ubuntu SMP Fri Jan 17 06:14:09 UTC 2020"
	OSPlatform="x86_64"
	Is64Bits="1"
	VendorString="GenuineIntel"
	VendorID="Intel Corporation"
	FamilyID="6"
	ModelID="154"
	ProcessorCacheSize="24576"
	NumberOfLogicalCPU="4"
	NumberOfPhysicalCPU="4"
	TotalVirtualMemory="947"
	TotalPhysicalMemory="3908"
	LogicalProcessorsPerPhysical="1"
	ProcessorClockFrequency="2688.01"
	>
	<Testing>
		<StartDateTime>Jul 09 09:40 CEST</StartDateTime>
		<StartTestTime>1688888402</StartTestTime>
		<TestList/>
		<EndDateTime>Jul 09 09:40 CEST</EndDateTime>
		<EndTestTime>1688888402</EndTestTime>
		<ElapsedMinutes>0</ElapsedMinutes>
	</Testing>
</Site>
